<?xml version="1.0" encoding="UTF-8"?>
<testsuite xmlns:xsi="http://www.w3.org/2001/XMLSchema-instance" xsi:noNamespaceSchemaLocation="https://maven.apache.org/surefire/maven-surefire-plugin/xsd/surefire-test-report-3.0.xsd" version="3.0" name="com.example.LoginBoundaryTest" time="0.597" tests="2" errors="0" skipped="0" failures="0">
  <properties>
    <property name="java.specification.version" value="22"/>
    <property name="sun.cpu.isalist" value="amd64"/>
    <property name="sun.jnu.encoding" value="Cp1252"/>
    <property name="java.class.path" value="d:\UOW\CSIT314 - Software Development Methodologies\app test\314\Backend Java Code\demo\target\test-classes;d:\UOW\CSIT314 - Software Development Methodologies\app test\314\Backend Java Code\demo\target\classes;C:\Users\weise\.m2\repository\org\mongodb\mongodb-driver-sync\5.0.0\mongodb-driver-sync-5.0.0.jar;C:\Users\weise\.m2\repository\org\mongodb\bson\5.0.0\bson-5.0.0.jar;C:\Users\weise\.m2\repository\org\mongodb\mongodb-driver-core\5.0.0\mongodb-driver-core-5.0.0.jar;C:\Users\weise\.m2\repository\org\mongodb\bson-record-codec\5.0.0\bson-record-codec-5.0.0.jar;C:\Users\weise\.m2\repository\javax\servlet\javax.servlet-api\4.0.1\javax.servlet-api-4.0.1.jar;C:\Users\weise\.m2\repository\com\google\code\gson\gson\2.8.6\gson-2.8.6.jar;C:\Users\weise\.m2\repository\junit\junit\4.13\junit-4.13.jar;C:\Users\weise\.m2\repository\org\hamcrest\hamcrest-core\1.3\hamcrest-core-1.3.jar;C:\Users\weise\.m2\repository\org\mockito\mockito-core\4.0.0\mockito-core-4.0.0.jar;C:\Users\weise\.m2\repository\net\bytebuddy\byte-buddy\1.11.19\byte-buddy-1.11.19.jar;C:\Users\weise\.m2\repository\net\bytebuddy\byte-buddy-agent\1.11.19\byte-buddy-agent-1.11.19.jar;C:\Users\weise\.m2\repository\org\objenesis\objenesis\3.2\objenesis-3.2.jar;"/>
    <property name="java.vm.vendor" value="Oracle Corporation"/>
    <property name="sun.arch.data.model" value="64"/>
    <property name="user.variant" value=""/>
    <property name="java.vendor.url" value="https://java.oracle.com/"/>
    <property name="user.timezone" value="Asia/Singapore"/>
    <property name="os.name" value="Windows 11"/>
    <property name="java.vm.specification.version" value="22"/>
    <property name="sun.java.launcher" value="SUN_STANDARD"/>
    <property name="user.country" value="SG"/>
    <property name="sun.boot.library.path" value="C:\Program Files\Java\jdk-22\bin"/>
    <property name="sun.java.command" value="C:\Users\weise\AppData\Local\Temp\surefire26596866956402267\surefirebooter-20240514232553846_3.jar C:\Users\weise\AppData\Local\Temp\surefire26596866956402267 2024-05-14T23-25-53_721-jvmRun1 surefire-20240514232553846_1tmp surefire_0-20240514232553846_2tmp"/>
    <property name="jdk.debug" value="release"/>
    <property name="surefire.test.class.path" value="d:\UOW\CSIT314 - Software Development Methodologies\app test\314\Backend Java Code\demo\target\test-classes;d:\UOW\CSIT314 - Software Development Methodologies\app test\314\Backend Java Code\demo\target\classes;C:\Users\weise\.m2\repository\org\mongodb\mongodb-driver-sync\5.0.0\mongodb-driver-sync-5.0.0.jar;C:\Users\weise\.m2\repository\org\mongodb\bson\5.0.0\bson-5.0.0.jar;C:\Users\weise\.m2\repository\org\mongodb\mongodb-driver-core\5.0.0\mongodb-driver-core-5.0.0.jar;C:\Users\weise\.m2\repository\org\mongodb\bson-record-codec\5.0.0\bson-record-codec-5.0.0.jar;C:\Users\weise\.m2\repository\javax\servlet\javax.servlet-api\4.0.1\javax.servlet-api-4.0.1.jar;C:\Users\weise\.m2\repository\com\google\code\gson\gson\2.8.6\gson-2.8.6.jar;C:\Users\weise\.m2\repository\junit\junit\4.13\junit-4.13.jar;C:\Users\weise\.m2\repository\org\hamcrest\hamcrest-core\1.3\hamcrest-core-1.3.jar;C:\Users\weise\.m2\repository\org\mockito\mockito-core\4.0.0\mockito-core-4.0.0.jar;C:\Users\weise\.m2\repository\net\bytebuddy\byte-buddy\1.11.19\byte-buddy-1.11.19.jar;C:\Users\weise\.m2\repository\net\bytebuddy\byte-buddy-agent\1.11.19\byte-buddy-agent-1.11.19.jar;C:\Users\weise\.m2\repository\org\objenesis\objenesis\3.2\objenesis-3.2.jar;"/>
    <property name="sun.cpu.endian" value="little"/>
    <property name="user.home" value="C:\Users\weise"/>
    <property name="user.language" value="en"/>
    <property name="java.specification.vendor" value="Oracle Corporation"/>
    <property name="java.version.date" value="2024-03-19"/>
    <property name="java.home" value="C:\Program Files\Java\jdk-22"/>
    <property name="file.separator" value="\"/>
    <property name="basedir" value="d:\UOW\CSIT314 - Software Development Methodologies\app test\314\Backend Java Code\demo"/>
    <property name="java.vm.compressedOopsMode" value="Zero based"/>
    <property name="line.separator" value="&#10;"/>
    <property name="java.vm.specification.vendor" value="Oracle Corporation"/>
    <property name="java.specification.name" value="Java Platform API Specification"/>
    <property name="surefire.real.class.path" value="C:\Users\weise\AppData\Local\Temp\surefire26596866956402267\surefirebooter-20240514232553846_3.jar"/>
    <property name="user.script" value=""/>
    <property name="sun.management.compiler" value="HotSpot 64-Bit Tiered Compilers"/>
    <property name="java.runtime.version" value="22+36-2370"/>
    <property name="user.name" value="weise"/>
    <property name="stdout.encoding" value="Cp1252"/>
    <property name="path.separator" value=";"/>
    <property name="os.version" value="10.0"/>
    <property name="java.runtime.name" value="Java(TM) SE Runtime Environment"/>
    <property name="file.encoding" value="UTF-8"/>
    <property name="java.vm.name" value="Java HotSpot(TM) 64-Bit Server VM"/>
    <property name="localRepository" value="C:\Users\weise\.m2\repository"/>
    <property name="java.vendor.url.bug" value="https://bugreport.java.com/bugreport/"/>
    <property name="java.io.tmpdir" value="C:\Users\weise\AppData\Local\Temp\"/>
    <property name="java.version" value="22"/>
    <property name="user.dir" value="d:\UOW\CSIT314 - Software Development Methodologies\app test\314\Backend Java Code\demo"/>
    <property name="os.arch" value="amd64"/>
    <property name="java.vm.specification.name" value="Java Virtual Machine Specification"/>
    <property name="sun.os.patch.level" value=""/>
    <property name="native.encoding" value="Cp1252"/>
    <property name="java.library.path" value="C:\Program Files\Java\jdk-22\bin;C:\WINDOWS\Sun\Java\bin;C:\WINDOWS\system32;C:\WINDOWS;C:\Program Files (x86)\VMware\VMware Workstation\bin\;C:\Program Files\Common Files\Oracle\Java\javapath;C:\Program Files (x86)\Common Files\Oracle\Java\javapath;C:\WINDOWS\system32;C:\WINDOWS;C:\WINDOWS\System32\Wbem;C:\WINDOWS\System32\WindowsPowerShell\v1.0\;C:\WINDOWS\System32\OpenSSH\;C:\Program Files\nodejs\;C:\Program Files\Git\cmd;C:\apache-maven-3.9.6\bin;C:\Program Files\MongoDB\mongosh-2.2.5-win32-x64\bin;C:\Users\weise\AppData\Local\Microsoft\WindowsApps;C:\Users\weise\AppData\Local\Programs\Microsoft VS Code\bin;C:\Users\weise\AppData\Roaming\npm;C:\Users\weise\AppData\Local\GitHubDesktop\bin;."/>
    <property name="java.vm.info" value="mixed mode, sharing"/>
    <property name="stderr.encoding" value="Cp1252"/>
    <property name="java.vendor" value="Oracle Corporation"/>
    <property name="java.vm.version" value="22+36-2370"/>
    <property name="sun.io.unicode.encoding" value="UnicodeLittle"/>
    <property name="java.class.version" value="66.0"/>
  </properties>
  <testcase name="testSuccessfulLoginRedirectsToDashboard" classname="com.example.LoginBoundaryTest" time="0.553">
    <system-err><![CDATA[May 14, 2024 11:25:54 PM com.mongodb.internal.diagnostics.logging.Loggers shouldUseSLF4J
WARNING: SLF4J not found on the classpath.  Logging is disabled for the 'org.mongodb.driver' component
]]></system-err>
  </testcase>
  <testcase name="testFailedLoginRedirectsToLoginPageWithError" classname="com.example.LoginBoundaryTest" time="0.001"/>
</testsuite>